==681583== Memcheck, a memory error detector
==681583== Copyright (C) 2002-2022, and GNU GPL'd, by Julian Seward et al.
==681583== Using Valgrind-3.21.0 and LibVEX; rerun with -h for copyright info
==681583== Command: ./pagerank.out ../progetto/web-hudong.mtx -t8 -e 1e-4
==681583== 
==681583== 
==681583== HEAP SUMMARY:
==681583==     in use at exit: 272 bytes in 1 blocks
==681583==   total heap usage: 31,536,267 allocs, 31,536,266 frees, 606,289,627 bytes allocated
==681583== 
==681583== LEAK SUMMARY:
==681583==    definitely lost: 0 bytes in 0 blocks
==681583==    indirectly lost: 0 bytes in 0 blocks
==681583==      possibly lost: 272 bytes in 1 blocks
==681583==    still reachable: 0 bytes in 0 blocks
==681583==         suppressed: 0 bytes in 0 blocks
==681583== Rerun with --leak-check=full to see details of leaked memory
==681583== 
==681583== For lists of detected and suppressed errors, rerun with: -s
==681583== ERROR SUMMARY: 0 errors from 0 contexts (suppressed: 0 from 0)
